test_build: Thu Apr 23 19:30:40 PDT 2015: started on multi_v7_defconfig test_20150423192911_14c5a993015d348ac5f48f28910c4d29fe6e1e68 (14c5a993015d348ac5f48f28910c4d29fe6e1e68)
test_build: Thu Apr 23 19:30:40 PDT 2015: serial is 20150423192911
sound/soc/soc-dapm.c: In function ‘snd_soc_dapm_new_pcm’:
sound/soc/soc-dapm.c:3390:5: warning: passing argument 1 of ‘snprintf’ discards ‘const’ qualifier from pointer target type [enabled by default]
In file included from include/linux/list.h:8:0,
                 from include/linux/module.h:9,
                 from sound/soc/soc-dapm.c:26:
include/linux/kernel.h:392:5: note: expected ‘char *’ but argument is of type ‘const char *’
In file included from drivers/dma/xilinx/xilinx_vdma.c:26:0:
include/linux/dmapool.h:18:4: warning: ‘struct device’ declared inside parameter list [enabled by default]
include/linux/dmapool.h:18:4: warning: its scope is only this definition or declaration, which is probably not what you want [enabled by default]
include/linux/dmapool.h:31:7: warning: ‘struct device’ declared inside parameter list [enabled by default]
drivers/dma/xilinx/xilinx_vdma.c: In function ‘xilinx_vdma_alloc_chan_resources’:
drivers/dma/xilinx/xilinx_vdma.c:504:24: warning: passing argument 2 of ‘dma_pool_create’ from incompatible pointer type [enabled by default]
In file included from drivers/dma/xilinx/xilinx_vdma.c:26:0:
include/linux/dmapool.h:17:18: note: expected ‘struct device *’ but argument is of type ‘struct device *’
drivers/soc/tegra/pmc.c:1018:3: error: ‘TEGRA_POWERGATE_NVDEC’ undeclared here (not in a function)
drivers/soc/tegra/pmc.c:1018:2: error: array index in initializer not of integer type
drivers/soc/tegra/pmc.c:1018:2: error: (near initialization for ‘tegra210_powergates’)
drivers/soc/tegra/pmc.c:1019:3: error: ‘TEGRA_POWERGATE_NVJPG’ undeclared here (not in a function)
drivers/soc/tegra/pmc.c:1019:2: error: array index in initializer not of integer type
drivers/soc/tegra/pmc.c:1019:2: error: (near initialization for ‘tegra210_powergates’)
drivers/soc/tegra/pmc.c:1020:3: error: ‘TEGRA_POWERGATE_AUD’ undeclared here (not in a function)
drivers/soc/tegra/pmc.c:1020:2: error: array index in initializer not of integer type
drivers/soc/tegra/pmc.c:1020:2: error: (near initialization for ‘tegra210_powergates’)
drivers/soc/tegra/pmc.c:1021:3: error: ‘TEGRA_POWERGATE_DFD’ undeclared here (not in a function)
drivers/soc/tegra/pmc.c:1021:2: error: array index in initializer not of integer type
drivers/soc/tegra/pmc.c:1021:2: error: (near initialization for ‘tegra210_powergates’)
drivers/soc/tegra/pmc.c:1022:3: error: ‘TEGRA_POWERGATE_VE2’ undeclared here (not in a function)
drivers/soc/tegra/pmc.c:1022:2: error: array index in initializer not of integer type
drivers/soc/tegra/pmc.c:1022:2: error: (near initialization for ‘tegra210_powergates’)
make[3]: *** [drivers/soc/tegra/pmc.o] Error 1
make[2]: *** [drivers/soc/tegra] Error 2
make[1]: *** [drivers/soc] Error 2
make[1]: *** Waiting for unfinished jobs....
make: *** [drivers] Error 2
test_build: Thu Apr 23 19:32:25 PDT 2015: FAILED on multi_v7_defconfig test_20150423192911_14c5a993015d348ac5f48f28910c4d29fe6e1e68
test_build: Thu Apr 23 19:32:25 PDT 2015: ended on multi_v7_defconfig test_20150423192911_14c5a993015d348ac5f48f28910c4d29fe6e1e68
test_build: Thu Apr 23 19:30:35 PDT 2015: started on tegra_defconfig test_20150423192911_14c5a993015d348ac5f48f28910c4d29fe6e1e68 (14c5a993015d348ac5f48f28910c4d29fe6e1e68)
test_build: Thu Apr 23 19:30:35 PDT 2015: serial is 20150423192911
sound/soc/soc-dapm.c: In function ‘snd_soc_dapm_new_pcm’:
sound/soc/soc-dapm.c:3390:5: warning: passing argument 1 of ‘snprintf’ discards ‘const’ qualifier from pointer target type [enabled by default]
In file included from include/linux/list.h:8:0,
                 from include/linux/module.h:9,
                 from sound/soc/soc-dapm.c:26:
include/linux/kernel.h:392:5: note: expected ‘char *’ but argument is of type ‘const char *’
drivers/soc/tegra/pmc.c:1018:3: error: ‘TEGRA_POWERGATE_NVDEC’ undeclared here (not in a function)
drivers/soc/tegra/pmc.c:1018:2: error: array index in initializer not of integer type
drivers/soc/tegra/pmc.c:1018:2: error: (near initialization for ‘tegra210_powergates’)
drivers/soc/tegra/pmc.c:1019:3: error: ‘TEGRA_POWERGATE_NVJPG’ undeclared here (not in a function)
drivers/soc/tegra/pmc.c:1019:2: error: array index in initializer not of integer type
drivers/soc/tegra/pmc.c:1019:2: error: (near initialization for ‘tegra210_powergates’)
drivers/soc/tegra/pmc.c:1020:3: error: ‘TEGRA_POWERGATE_AUD’ undeclared here (not in a function)
drivers/soc/tegra/pmc.c:1020:2: error: array index in initializer not of integer type
drivers/soc/tegra/pmc.c:1020:2: error: (near initialization for ‘tegra210_powergates’)
drivers/soc/tegra/pmc.c:1021:3: error: ‘TEGRA_POWERGATE_DFD’ undeclared here (not in a function)
drivers/soc/tegra/pmc.c:1021:2: error: array index in initializer not of integer type
drivers/soc/tegra/pmc.c:1021:2: error: (near initialization for ‘tegra210_powergates’)
drivers/soc/tegra/pmc.c:1022:3: error: ‘TEGRA_POWERGATE_VE2’ undeclared here (not in a function)
drivers/soc/tegra/pmc.c:1022:2: error: array index in initializer not of integer type
drivers/soc/tegra/pmc.c:1022:2: error: (near initialization for ‘tegra210_powergates’)
make[3]: *** [drivers/soc/tegra/pmc.o] Error 1
make[3]: *** Waiting for unfinished jobs....
make[2]: *** [drivers/soc/tegra] Error 2
make[1]: *** [drivers/soc] Error 2
make[1]: *** Waiting for unfinished jobs....
make: *** [drivers] Error 2
test_build: Thu Apr 23 19:32:33 PDT 2015: FAILED on tegra_defconfig test_20150423192911_14c5a993015d348ac5f48f28910c4d29fe6e1e68
test_build: Thu Apr 23 19:32:33 PDT 2015: ended on tegra_defconfig test_20150423192911_14c5a993015d348ac5f48f28910c4d29fe6e1e68
