test_build: Mon May 16 01:44:56 PDT 2016: started on nvidia/tegra210-smaug.dtb test_20160516014133_2dcd0af568b0cf583645c8a317dd12e344b1c72a (2dcd0af568b0cf583645c8a317dd12e344b1c72a)
test_build: Mon May 16 01:44:56 PDT 2016: serial is 20160516014133
make[1]: *** No rule to make target `arch/arm64/boot/dts/nvidia/tegra210-smaug.dtb'.  Stop.
make: *** [nvidia/tegra210-smaug.dtb] Error 2
test_build: Mon May 16 01:44:59 PDT 2016: FAILED on nvidia/tegra210-smaug.dtb test_20160516014133_2dcd0af568b0cf583645c8a317dd12e344b1c72a
test_build: Mon May 16 01:44:59 PDT 2016: ended on nvidia/tegra210-smaug.dtb test_20160516014133_2dcd0af568b0cf583645c8a317dd12e344b1c72a
