test_sparse: Tue Mar 24 18:22:12 PDT 2015: started on tegra_defconfig test_20150324182007_c517d838eb7d07bbe9507871fab3931deccff539 (c517d838eb7d07bbe9507871fab3931deccff539)
test_sparse: Tue Mar 24 18:22:12 PDT 2015: serial is 20150324182007
test_sparse: sparse version unknown (checksum d41d8cd98f00b204e9800998ecf8427e)
/bin/sh: 1: sparse: not found
make[2]: *** [scripts/mod/empty.o] Error 127
make[1]: *** [scripts/mod] Error 2
make[1]: *** Waiting for unfinished jobs....
make: *** [scripts] Error 2
make: *** Waiting for unfinished jobs....
test_sparse: Tue Mar 24 18:22:15 PDT 2015: FAILED on tegra_defconfig test_20150324182007_c517d838eb7d07bbe9507871fab3931deccff539
test_sparse: Tue Mar 24 18:22:15 PDT 2015: ended on tegra_defconfig test_20150324182007_c517d838eb7d07bbe9507871fab3931deccff539
