test_sparse: Mon Apr 27 04:49:44 PDT 2015: started on tegra_defconfig test_20150427044656_30d4d27b78232676117849dd45dafaf11812e48a (30d4d27b78232676117849dd45dafaf11812e48a)
test_sparse: Mon Apr 27 04:49:44 PDT 2015: serial is 20150427044656
test_sparse: sparse version unknown (checksum d41d8cd98f00b204e9800998ecf8427e)
/bin/sh: 1: sparse: not found
make[2]: *** [scripts/mod/empty.o] Error 127
make[1]: *** [scripts/mod] Error 2
make[1]: *** Waiting for unfinished jobs....
make: *** [scripts] Error 2
make: *** Waiting for unfinished jobs....
test_sparse: Mon Apr 27 04:49:48 PDT 2015: FAILED on tegra_defconfig test_20150427044656_30d4d27b78232676117849dd45dafaf11812e48a
test_sparse: Mon Apr 27 04:49:48 PDT 2015: ended on tegra_defconfig test_20150427044656_30d4d27b78232676117849dd45dafaf11812e48a
