test_build: Thu Apr 23 19:36:38 PDT 2015: started on tegra_defconfig test_20150423193030_14c5a993015d348ac5f48f28910c4d29fe6e1e68 (14c5a993015d348ac5f48f28910c4d29fe6e1e68)
test_build: Thu Apr 23 19:36:38 PDT 2015: serial is 20150423193030
sound/soc/soc-dapm.c: In function ‘snd_soc_dapm_new_pcm’:
sound/soc/soc-dapm.c:3390:5: warning: passing argument 1 of ‘snprintf’ discards ‘const’ qualifier from pointer target type [enabled by default]
In file included from include/linux/list.h:8:0,
                 from include/linux/module.h:9,
                 from sound/soc/soc-dapm.c:26:
include/linux/kernel.h:392:5: note: expected ‘char *’ but argument is of type ‘const char *’
drivers/soc/tegra/pmc.c:1018:3: error: ‘TEGRA_POWERGATE_NVDEC’ undeclared here (not in a function)
drivers/soc/tegra/pmc.c:1018:2: error: array index in initializer not of integer type
drivers/soc/tegra/pmc.c:1018:2: error: (near initialization for ‘tegra210_powergates’)
drivers/soc/tegra/pmc.c:1019:3: error: ‘TEGRA_POWERGATE_NVJPG’ undeclared here (not in a function)
drivers/soc/tegra/pmc.c:1019:2: error: array index in initializer not of integer type
drivers/soc/tegra/pmc.c:1019:2: error: (near initialization for ‘tegra210_powergates’)
drivers/soc/tegra/pmc.c:1020:3: error: ‘TEGRA_POWERGATE_AUD’ undeclared here (not in a function)
drivers/soc/tegra/pmc.c:1020:2: error: array index in initializer not of integer type
drivers/soc/tegra/pmc.c:1020:2: error: (near initialization for ‘tegra210_powergates’)
drivers/soc/tegra/pmc.c:1021:3: error: ‘TEGRA_POWERGATE_DFD’ undeclared here (not in a function)
drivers/soc/tegra/pmc.c:1021:2: error: array index in initializer not of integer type
drivers/soc/tegra/pmc.c:1021:2: error: (near initialization for ‘tegra210_powergates’)
drivers/soc/tegra/pmc.c:1022:3: error: ‘TEGRA_POWERGATE_VE2’ undeclared here (not in a function)
drivers/soc/tegra/pmc.c:1022:2: error: array index in initializer not of integer type
drivers/soc/tegra/pmc.c:1022:2: error: (near initialization for ‘tegra210_powergates’)
make[3]: *** [drivers/soc/tegra/pmc.o] Error 1
make[2]: *** [drivers/soc/tegra] Error 2
make[1]: *** [drivers/soc] Error 2
make[1]: *** Waiting for unfinished jobs....
make: *** [drivers] Error 2
test_build: Thu Apr 23 19:39:40 PDT 2015: FAILED on tegra_defconfig test_20150423193030_14c5a993015d348ac5f48f28910c4d29fe6e1e68
test_build: Thu Apr 23 19:39:40 PDT 2015: ended on tegra_defconfig test_20150423193030_14c5a993015d348ac5f48f28910c4d29fe6e1e68
